2022-09-22 00:38:11.908  INFO 10592 --- [RMI TCP Connection(153)-127.0.0.1] inMXBeanRegistrar$SpringApplicationAdmin : Application shutdown requested.
2022-09-22 00:38:12.476  INFO 10592 --- [RMI TCP Connection(153)-127.0.0.1] o.s.s.concurrent.ThreadPoolTaskExecutor  : Shutting down ExecutorService 'applicationTaskExecutor'
2022-09-22 12:33:46.354  INFO 14892 --- [restartedMain] com.tweetapp.TweetAppApplication         : Starting TweetAppApplication using Java 17.0.2 on DESKTOP-8LQMS9O with PID 14892 (C:\Users\DELL\Downloads\Tweetapplication\target\classes started by DELL in C:\Users\DELL\Downloads\Tweetapplication)
2022-09-22 12:33:46.361  INFO 14892 --- [restartedMain] com.tweetapp.TweetAppApplication         : No active profile set, falling back to default profiles: default
2022-09-22 12:33:46.473  INFO 14892 --- [restartedMain] .e.DevToolsPropertyDefaultsPostProcessor : Devtools property defaults active! Set 'spring.devtools.add-properties' to 'false' to disable
2022-09-22 12:33:46.473  INFO 14892 --- [restartedMain] .e.DevToolsPropertyDefaultsPostProcessor : For additional web related logging consider setting the 'logging.level.web' property to 'DEBUG'
2022-09-22 12:33:49.554  INFO 14892 --- [restartedMain] o.s.b.w.embedded.tomcat.TomcatWebServer  : Tomcat initialized with port(s): 8082 (http)
2022-09-22 12:33:49.569  INFO 14892 --- [restartedMain] o.apache.catalina.core.StandardService   : Starting service [Tomcat]
2022-09-22 12:33:49.569  INFO 14892 --- [restartedMain] org.apache.catalina.core.StandardEngine  : Starting Servlet engine: [Apache Tomcat/9.0.45]
2022-09-22 12:33:49.674  INFO 14892 --- [restartedMain] o.a.c.c.C.[.[localhost].[/api/v1.0]      : Initializing Spring embedded WebApplicationContext
2022-09-22 12:33:49.675  INFO 14892 --- [restartedMain] w.s.c.ServletWebServerApplicationContext : Root WebApplicationContext: initialization completed in 3201 ms
2022-09-22 12:33:51.209  INFO 14892 --- [restartedMain] o.s.b.a.e.web.EndpointLinksResolver      : Exposing 14 endpoint(s) beneath base path '/actuator'
2022-09-22 12:33:51.469  INFO 14892 --- [restartedMain] o.s.s.web.DefaultSecurityFilterChain     : Will secure any request with [org.springframework.security.web.context.request.async.WebAsyncManagerIntegrationFilter@16f63a7d, org.springframework.security.web.context.SecurityContextPersistenceFilter@5b0201b1, org.springframework.security.web.header.HeaderWriterFilter@280e9c02, org.springframework.security.web.authentication.logout.LogoutFilter@1f16020b, org.springframework.security.web.savedrequest.RequestCacheAwareFilter@4cb2cad1, org.springframework.security.web.servletapi.SecurityContextHolderAwareRequestFilter@3cd144ca, org.springframework.security.web.authentication.AnonymousAuthenticationFilter@6a1aff31, org.springframework.security.web.session.SessionManagementFilter@774d712d, org.springframework.security.web.access.ExceptionTranslationFilter@3f7584a0, org.springframework.security.web.access.intercept.FilterSecurityInterceptor@7876cf33]
2022-09-22 12:33:51.500  INFO 14892 --- [restartedMain] pertySourcedRequestMappingHandlerMapping : Mapped URL path [/v2/api-docs] onto method [springfox.documentation.swagger2.web.Swagger2Controller#getDocumentation(String, HttpServletRequest)]
2022-09-22 12:33:51.618  INFO 14892 --- [restartedMain] o.s.s.concurrent.ThreadPoolTaskExecutor  : Initializing ExecutorService 'applicationTaskExecutor'
2022-09-22 12:33:51.670  INFO 14892 --- [restartedMain] o.s.b.d.a.OptionalLiveReloadServer       : LiveReload server is running on port 35729
2022-09-22 12:33:52.001  INFO 14892 --- [restartedMain] o.s.b.w.embedded.tomcat.TomcatWebServer  : Tomcat started on port(s): 8082 (http) with context path '/api/v1.0'
2022-09-22 12:33:52.003  INFO 14892 --- [restartedMain] d.s.w.p.DocumentationPluginsBootstrapper : Context refreshed
2022-09-22 12:33:52.044  INFO 14892 --- [restartedMain] d.s.w.p.DocumentationPluginsBootstrapper : Found 1 custom documentation plugin(s)
2022-09-22 12:33:52.139  INFO 14892 --- [restartedMain] s.d.s.w.s.ApiListingReferenceScanner     : Scanning for api listing references
2022-09-22 12:33:52.156  INFO 14892 --- [RMI TCP Connection(3)-127.0.0.1] o.a.c.c.C.[.[localhost].[/api/v1.0]      : Initializing Spring DispatcherServlet 'dispatcherServlet'
2022-09-22 12:33:52.157  INFO 14892 --- [RMI TCP Connection(3)-127.0.0.1] o.s.web.servlet.DispatcherServlet        : Initializing Servlet 'dispatcherServlet'
2022-09-22 12:33:52.159  INFO 14892 --- [RMI TCP Connection(3)-127.0.0.1] o.s.web.servlet.DispatcherServlet        : Completed initialization in 2 ms
2022-09-22 12:33:52.531  INFO 14892 --- [restartedMain] com.tweetapp.TweetAppApplication         : Started TweetAppApplication in 7.448 seconds (JVM running for 9.104)
2022-09-22 13:10:13.916  INFO 14892 --- [Thread-4] o.s.s.concurrent.ThreadPoolTaskExecutor  : Shutting down ExecutorService 'applicationTaskExecutor'
2022-09-22 13:10:14.781  INFO 14892 --- [restartedMain] com.tweetapp.TweetAppApplication         : Starting TweetAppApplication using Java 17.0.2 on DESKTOP-8LQMS9O with PID 14892 (C:\Users\DELL\Downloads\Tweetapplication\target\classes started by DELL in C:\Users\DELL\Downloads\Tweetapplication)
2022-09-22 13:10:14.782  INFO 14892 --- [restartedMain] com.tweetapp.TweetAppApplication         : No active profile set, falling back to default profiles: default
2022-09-22 13:10:15.876  INFO 14892 --- [restartedMain] o.s.b.w.embedded.tomcat.TomcatWebServer  : Tomcat initialized with port(s): 8082 (http)
2022-09-22 13:10:15.877  INFO 14892 --- [restartedMain] o.apache.catalina.core.StandardService   : Starting service [Tomcat]
2022-09-22 13:10:15.878  INFO 14892 --- [restartedMain] org.apache.catalina.core.StandardEngine  : Starting Servlet engine: [Apache Tomcat/9.0.45]
2022-09-22 13:10:15.904  INFO 14892 --- [restartedMain] o.a.c.c.C.[.[localhost].[/api/v1.0]      : Initializing Spring embedded WebApplicationContext
2022-09-22 13:10:15.904  INFO 14892 --- [restartedMain] w.s.c.ServletWebServerApplicationContext : Root WebApplicationContext: initialization completed in 1116 ms
2022-09-22 13:10:16.207  INFO 14892 --- [restartedMain] o.s.b.a.e.web.EndpointLinksResolver      : Exposing 14 endpoint(s) beneath base path '/actuator'
2022-09-22 13:10:16.264  INFO 14892 --- [restartedMain] o.s.s.web.DefaultSecurityFilterChain     : Will secure any request with [org.springframework.security.web.context.request.async.WebAsyncManagerIntegrationFilter@27c6bce9, org.springframework.security.web.context.SecurityContextPersistenceFilter@71cb3d7e, org.springframework.security.web.header.HeaderWriterFilter@49874685, org.springframework.security.web.authentication.logout.LogoutFilter@69a9bc2d, org.springframework.security.web.savedrequest.RequestCacheAwareFilter@442b4e6d, org.springframework.security.web.servletapi.SecurityContextHolderAwareRequestFilter@37eb8b03, org.springframework.security.web.authentication.AnonymousAuthenticationFilter@21260dd9, org.springframework.security.web.session.SessionManagementFilter@30bb1bf9, org.springframework.security.web.access.ExceptionTranslationFilter@1c953802, org.springframework.security.web.access.intercept.FilterSecurityInterceptor@3ff017cf]
2022-09-22 13:10:16.276  INFO 14892 --- [restartedMain] pertySourcedRequestMappingHandlerMapping : Mapped URL path [/v2/api-docs] onto method [springfox.documentation.swagger2.web.Swagger2Controller#getDocumentation(String, HttpServletRequest)]
2022-09-22 13:10:16.329  INFO 14892 --- [restartedMain] o.s.s.concurrent.ThreadPoolTaskExecutor  : Initializing ExecutorService 'applicationTaskExecutor'
2022-09-22 13:10:16.339  INFO 14892 --- [restartedMain] o.s.b.d.a.OptionalLiveReloadServer       : LiveReload server is running on port 35729
2022-09-22 13:10:16.436  INFO 14892 --- [restartedMain] o.s.b.w.embedded.tomcat.TomcatWebServer  : Tomcat started on port(s): 8082 (http) with context path '/api/v1.0'
2022-09-22 13:10:16.437  INFO 14892 --- [restartedMain] d.s.w.p.DocumentationPluginsBootstrapper : Context refreshed
2022-09-22 13:10:16.438  INFO 14892 --- [restartedMain] d.s.w.p.DocumentationPluginsBootstrapper : Found 1 custom documentation plugin(s)
2022-09-22 13:10:16.448  INFO 14892 --- [restartedMain] s.d.s.w.s.ApiListingReferenceScanner     : Scanning for api listing references
2022-09-22 13:10:16.551  INFO 14892 --- [restartedMain] com.tweetapp.TweetAppApplication         : Started TweetAppApplication in 1.861 seconds (JVM running for 2193.125)
2022-09-22 13:10:16.554  INFO 14892 --- [restartedMain] .ConditionEvaluationDeltaLoggingListener : Condition evaluation unchanged
2022-09-22 13:26:16.174  INFO 14892 --- [Thread-8] o.s.s.concurrent.ThreadPoolTaskExecutor  : Shutting down ExecutorService 'applicationTaskExecutor'
2022-09-22 13:26:17.370  INFO 14892 --- [restartedMain] com.tweetapp.TweetAppApplication         : Starting TweetAppApplication using Java 17.0.2 on DESKTOP-8LQMS9O with PID 14892 (C:\Users\DELL\Downloads\Tweetapplication\target\classes started by DELL in C:\Users\DELL\Downloads\Tweetapplication)
2022-09-22 13:26:17.370  INFO 14892 --- [restartedMain] com.tweetapp.TweetAppApplication         : No active profile set, falling back to default profiles: default
2022-09-22 13:26:18.392  INFO 14892 --- [restartedMain] o.s.b.w.embedded.tomcat.TomcatWebServer  : Tomcat initialized with port(s): 8082 (http)
2022-09-22 13:26:18.393  INFO 14892 --- [restartedMain] o.apache.catalina.core.StandardService   : Starting service [Tomcat]
2022-09-22 13:26:18.394  INFO 14892 --- [restartedMain] org.apache.catalina.core.StandardEngine  : Starting Servlet engine: [Apache Tomcat/9.0.45]
2022-09-22 13:26:18.433  INFO 14892 --- [restartedMain] o.a.c.c.C.[.[localhost].[/api/v1.0]      : Initializing Spring embedded WebApplicationContext
2022-09-22 13:26:18.433  INFO 14892 --- [restartedMain] w.s.c.ServletWebServerApplicationContext : Root WebApplicationContext: initialization completed in 1059 ms
2022-09-22 13:26:18.697  INFO 14892 --- [restartedMain] o.s.b.a.e.web.EndpointLinksResolver      : Exposing 14 endpoint(s) beneath base path '/actuator'
2022-09-22 13:26:18.732  INFO 14892 --- [restartedMain] o.s.s.web.DefaultSecurityFilterChain     : Will secure any request with [org.springframework.security.web.context.request.async.WebAsyncManagerIntegrationFilter@52be6c01, org.springframework.security.web.context.SecurityContextPersistenceFilter@2e4e4459, org.springframework.security.web.header.HeaderWriterFilter@36adfac2, org.springframework.security.web.authentication.logout.LogoutFilter@357e40f9, org.springframework.security.web.savedrequest.RequestCacheAwareFilter@6aae80d8, org.springframework.security.web.servletapi.SecurityContextHolderAwareRequestFilter@338c0ca5, org.springframework.security.web.authentication.AnonymousAuthenticationFilter@67824bf9, org.springframework.security.web.session.SessionManagementFilter@243c018f, org.springframework.security.web.access.ExceptionTranslationFilter@284d9d3d, org.springframework.security.web.access.intercept.FilterSecurityInterceptor@67f05e04]
2022-09-22 13:26:18.821  INFO 14892 --- [restartedMain] pertySourcedRequestMappingHandlerMapping : Mapped URL path [/v2/api-docs] onto method [springfox.documentation.swagger2.web.Swagger2Controller#getDocumentation(String, HttpServletRequest)]
2022-09-22 13:26:18.864  INFO 14892 --- [restartedMain] o.s.s.concurrent.ThreadPoolTaskExecutor  : Initializing ExecutorService 'applicationTaskExecutor'
2022-09-22 13:26:18.874  INFO 14892 --- [restartedMain] o.s.b.d.a.OptionalLiveReloadServer       : LiveReload server is running on port 35729
2022-09-22 13:26:18.983  INFO 14892 --- [restartedMain] o.s.b.w.embedded.tomcat.TomcatWebServer  : Tomcat started on port(s): 8082 (http) with context path '/api/v1.0'
2022-09-22 13:26:18.983  INFO 14892 --- [restartedMain] d.s.w.p.DocumentationPluginsBootstrapper : Context refreshed
2022-09-22 13:26:18.985  INFO 14892 --- [restartedMain] d.s.w.p.DocumentationPluginsBootstrapper : Found 1 custom documentation plugin(s)
2022-09-22 13:26:18.992  INFO 14892 --- [restartedMain] s.d.s.w.s.ApiListingReferenceScanner     : Scanning for api listing references
2022-09-22 13:26:19.107  INFO 14892 --- [restartedMain] com.tweetapp.TweetAppApplication         : Started TweetAppApplication in 1.808 seconds (JVM running for 3155.68)
2022-09-22 13:26:19.112  INFO 14892 --- [restartedMain] .ConditionEvaluationDeltaLoggingListener : Condition evaluation unchanged
2022-09-22 16:22:20.555  INFO 14892 --- [RMI TCP Connection(202)-127.0.0.1] inMXBeanRegistrar$SpringApplicationAdmin : Application shutdown requested.
2022-09-22 16:22:22.021  INFO 14892 --- [RMI TCP Connection(202)-127.0.0.1] o.s.s.concurrent.ThreadPoolTaskExecutor  : Shutting down ExecutorService 'applicationTaskExecutor'
2022-09-22 16:51:20.582  INFO 16964 --- [main] c.tweetapp.TweetAppApiApplicationTests   : Starting TweetAppApiApplicationTests using Java 17.0.2 on DESKTOP-8LQMS9O with PID 16964 (started by DELL in C:\Users\DELL\Downloads\Tweetapplication)
2022-09-22 16:51:20.587  INFO 16964 --- [main] c.tweetapp.TweetAppApiApplicationTests   : No active profile set, falling back to default profiles: default
2022-09-22 16:51:28.263  INFO 16964 --- [main] o.s.b.a.e.web.EndpointLinksResolver      : Exposing 14 endpoint(s) beneath base path '/actuator'
2022-09-22 16:51:30.810  INFO 16964 --- [main] o.s.s.web.DefaultSecurityFilterChain     : Will secure any request with [org.springframework.security.web.context.request.async.WebAsyncManagerIntegrationFilter@5906ebfb, org.springframework.security.web.context.SecurityContextPersistenceFilter@2bf0c70d, org.springframework.security.web.header.HeaderWriterFilter@287317df, org.springframework.security.web.authentication.logout.LogoutFilter@dbda472, org.springframework.security.web.savedrequest.RequestCacheAwareFilter@652f26da, org.springframework.security.web.servletapi.SecurityContextHolderAwareRequestFilter@645c9f0f, org.springframework.security.web.authentication.AnonymousAuthenticationFilter@10fc1a22, org.springframework.security.web.session.SessionManagementFilter@571db8b4, org.springframework.security.web.access.ExceptionTranslationFilter@52d9f36b, org.springframework.security.web.access.intercept.FilterSecurityInterceptor@3a0e7f89]
2022-09-22 16:51:30.956  INFO 16964 --- [main] pertySourcedRequestMappingHandlerMapping : Mapped URL path [/v2/api-docs] onto method [springfox.documentation.swagger2.web.Swagger2Controller#getDocumentation(String, HttpServletRequest)]
2022-09-22 16:51:31.682  INFO 16964 --- [main] o.s.s.concurrent.ThreadPoolTaskExecutor  : Initializing ExecutorService 'applicationTaskExecutor'
2022-09-22 16:51:32.377  INFO 16964 --- [main] d.s.w.p.DocumentationPluginsBootstrapper : Context refreshed
2022-09-22 16:51:32.438  INFO 16964 --- [main] d.s.w.p.DocumentationPluginsBootstrapper : Found 1 custom documentation plugin(s)
2022-09-22 16:51:32.566  INFO 16964 --- [main] s.d.s.w.s.ApiListingReferenceScanner     : Scanning for api listing references
2022-09-22 16:51:33.061  INFO 16964 --- [main] c.tweetapp.TweetAppApiApplicationTests   : Started TweetAppApiApplicationTests in 13.625 seconds (JVM running for 16.017)
2022-09-22 16:51:37.691  INFO 16964 --- [SpringContextShutdownHook] o.s.s.concurrent.ThreadPoolTaskExecutor  : Shutting down ExecutorService 'applicationTaskExecutor'
2022-09-22 17:28:25.526  INFO 18180 --- [main] c.tweetapp.TweetAppApiApplicationTests   : Starting TweetAppApiApplicationTests using Java 17.0.2 on DESKTOP-8LQMS9O with PID 18180 (started by DELL in C:\Users\DELL\Downloads\Tweetapplication)
2022-09-22 17:28:25.533  INFO 18180 --- [main] c.tweetapp.TweetAppApiApplicationTests   : No active profile set, falling back to default profiles: default
2022-09-22 17:28:39.131  INFO 18180 --- [main] o.s.b.a.e.web.EndpointLinksResolver      : Exposing 14 endpoint(s) beneath base path '/actuator'
2022-09-22 17:28:40.474  INFO 18180 --- [main] o.s.s.web.DefaultSecurityFilterChain     : Will secure any request with [org.springframework.security.web.context.request.async.WebAsyncManagerIntegrationFilter@10f397d0, org.springframework.security.web.context.SecurityContextPersistenceFilter@5972e3a, org.springframework.security.web.header.HeaderWriterFilter@43cf5bff, org.springframework.security.web.authentication.logout.LogoutFilter@2b3abeeb, org.springframework.security.web.savedrequest.RequestCacheAwareFilter@645c9f0f, org.springframework.security.web.servletapi.SecurityContextHolderAwareRequestFilter@4e671ef, org.springframework.security.web.authentication.AnonymousAuthenticationFilter@33a3e5db, org.springframework.security.web.session.SessionManagementFilter@484a5ddd, org.springframework.security.web.access.ExceptionTranslationFilter@30b1c5d5, org.springframework.security.web.access.intercept.FilterSecurityInterceptor@7509226c]
2022-09-22 17:28:40.732  INFO 18180 --- [main] pertySourcedRequestMappingHandlerMapping : Mapped URL path [/v2/api-docs] onto method [springfox.documentation.swagger2.web.Swagger2Controller#getDocumentation(String, HttpServletRequest)]
2022-09-22 17:28:41.846  INFO 18180 --- [main] o.s.s.concurrent.ThreadPoolTaskExecutor  : Initializing ExecutorService 'applicationTaskExecutor'
2022-09-22 17:28:42.916  INFO 18180 --- [main] d.s.w.p.DocumentationPluginsBootstrapper : Context refreshed
2022-09-22 17:28:42.987  INFO 18180 --- [main] d.s.w.p.DocumentationPluginsBootstrapper : Found 1 custom documentation plugin(s)
2022-09-22 17:28:43.169  INFO 18180 --- [main] s.d.s.w.s.ApiListingReferenceScanner     : Scanning for api listing references
2022-09-22 17:28:44.654  INFO 18180 --- [main] c.tweetapp.TweetAppApiApplicationTests   : Started TweetAppApiApplicationTests in 24.084 seconds (JVM running for 29.829)
2022-09-22 17:28:46.300  INFO 18180 --- [SpringContextShutdownHook] o.s.s.concurrent.ThreadPoolTaskExecutor  : Shutting down ExecutorService 'applicationTaskExecutor'
